{"C:\\Users\\jdani\\Documents\\Personal\\curso-crud-nodejs\\pedidos-restaurante\\src\\index.ts": {"path":"C:\\Users\\jdani\\Documents\\Personal\\curso-crud-nodejs\\pedidos-restaurante\\src\\index.ts","statementMap":{"0":{"start":{"line":1,"column":0},"end":{"line":1,"column":67}},"1":{"start":{"line":2,"column":0},"end":{"line":2,"column":32}},"2":{"start":{"line":3,"column":0},"end":{"line":3,"column":29}},"3":{"start":{"line":4,"column":0},"end":{"line":4,"column":39}},"4":{"start":{"line":6,"column":0},"end":{"line":6,"column":46}},"5":{"start":{"line":7,"column":15},"end":{"line":7,"column":33}},"6":{"start":{"line":11,"column":25},"end":{"line":11,"column":140}},"7":{"start":{"line":12,"column":0},"end":{"line":14,"column":null}},"8":{"start":{"line":13,"column":10},"end":{"line":13,"column":60}},"9":{"start":{"line":14,"column":13},"end":{"line":14,"column":69}},"10":{"start":{"line":17,"column":12},"end":{"line":17,"column":21}},"11":{"start":{"line":21,"column":0},"end":{"line":24,"column":3}},"12":{"start":{"line":27,"column":0},"end":{"line":27,"column":24}},"13":{"start":{"line":29,"column":0},"end":{"line":29,"column":42}},"14":{"start":{"line":31,"column":0},"end":{"line":31,"column":23}},"15":{"start":{"line":33,"column":0},"end":{"line":33,"column":40}},"16":{"start":{"line":35,"column":0},"end":{"line":37,"column":null}},"17":{"start":{"line":36,"column":4},"end":{"line":36,"column":null}},"18":{"start":{"line":39,"column":0},"end":{"line":39,"column":19}}},"fnMap":{"0":{"name":"(anonymous_7)","decl":{"start":{"line":13,"column":6},"end":{"line":13,"column":8}},"loc":{"start":{"line":13,"column":10},"end":{"line":13,"column":60}}},"1":{"name":"(anonymous_8)","decl":{"start":{"line":14,"column":7},"end":{"line":14,"column":8}},"loc":{"start":{"line":14,"column":13},"end":{"line":14,"column":69}}},"2":{"name":"(anonymous_9)","decl":{"start":{"line":35,"column":25},"end":{"line":35,"column":26}},"loc":{"start":{"line":35,"column":34},"end":{"line":37,"column":1}}}},"branchMap":{"0":{"loc":{"start":{"line":11,"column":25},"end":{"line":11,"column":140}},"type":"cond-expr","locations":[{"start":{"line":11,"column":49},"end":{"line":11,"column":53}},{"start":{"line":11,"column":53},"end":{"line":11,"column":140}}]},"1":{"loc":{"start":{"line":11,"column":25},"end":{"line":11,"column":53}},"type":"binary-expr","locations":[{"start":{"line":11,"column":25},"end":{"line":11,"column":53}},{"start":{"line":11,"column":49},"end":{"line":11,"column":53}}]}},"s":{"0":1,"1":1,"2":1,"3":1,"4":1,"5":1,"6":1,"7":1,"8":1,"9":0,"10":1,"11":1,"12":1,"13":1,"14":1,"15":1,"16":1,"17":0,"18":1},"f":{"0":1,"1":0,"2":0},"b":{"0":[1,0],"1":[1,1]}}
,"C:\\Users\\jdani\\Documents\\Personal\\curso-crud-nodejs\\pedidos-restaurante\\src\\controllers\\address\\index.ts": {"path":"C:\\Users\\jdani\\Documents\\Personal\\curso-crud-nodejs\\pedidos-restaurante\\src\\controllers\\address\\index.ts","statementMap":{"0":{"start":{"line":2,"column":0},"end":{"line":2,"column":46}},"1":{"start":{"line":3,"column":15},"end":{"line":3,"column":33}},"2":{"start":{"line":6,"column":21},"end":{"line":14,"column":1}},"3":{"start":{"line":7,"column":4},"end":{"line":13,"column":null}},"4":{"start":{"line":8,"column":24},"end":{"line":8,"column":69}},"5":{"start":{"line":9,"column":9},"end":{"line":9,"column":null}},"6":{"start":{"line":12,"column":8},"end":{"line":12,"column":43}},"7":{"start":{"line":63,"column":4},"end":{"line":63,"column":16}},"8":{"start":{"line":16,"column":21},"end":{"line":25,"column":1}},"9":{"start":{"line":17,"column":17},"end":{"line":17,"column":27}},"10":{"start":{"line":18,"column":4},"end":{"line":24,"column":null}},"11":{"start":{"line":19,"column":23},"end":{"line":19,"column":84}},"12":{"start":{"line":20,"column":8},"end":{"line":20,"column":null}},"13":{"start":{"line":23,"column":0},"end":{"line":23,"column":35}},"14":{"start":{"line":64,"column":4},"end":{"line":64,"column":16}},"15":{"start":{"line":27,"column":18},"end":{"line":37,"column":1}},"16":{"start":{"line":29,"column":4},"end":{"line":35,"column":null}},"17":{"start":{"line":30,"column":23},"end":{"line":30,"column":54}},"18":{"start":{"line":31,"column":8},"end":{"line":31,"column":null}},"19":{"start":{"line":34,"column":0},"end":{"line":34,"column":35}},"20":{"start":{"line":65,"column":4},"end":{"line":65,"column":13}},"21":{"start":{"line":39,"column":22},"end":{"line":48,"column":1}},"22":{"start":{"line":40,"column":17},"end":{"line":40,"column":27}},"23":{"start":{"line":41,"column":4},"end":{"line":47,"column":null}},"24":{"start":{"line":42,"column":23},"end":{"line":42,"column":73}},"25":{"start":{"line":43,"column":8},"end":{"line":43,"column":null}},"26":{"start":{"line":46,"column":0},"end":{"line":46,"column":35}},"27":{"start":{"line":66,"column":4},"end":{"line":66,"column":17}},"28":{"start":{"line":50,"column":21},"end":{"line":60,"column":1}},"29":{"start":{"line":51,"column":17},"end":{"line":51,"column":27}},"30":{"start":{"line":52,"column":4},"end":{"line":59,"column":null}},"31":{"start":{"line":53,"column":23},"end":{"line":53,"column":69}},"32":{"start":{"line":54,"column":8},"end":{"line":54,"column":null}},"33":{"start":{"line":58,"column":0},"end":{"line":58,"column":35}},"34":{"start":{"line":67,"column":4},"end":{"line":67,"column":16}}},"fnMap":{"0":{"name":"(anonymous_0)","decl":{"start":{"line":6,"column":21},"end":{"line":6,"column":26}},"loc":{"start":{"line":6,"column":59},"end":{"line":14,"column":1}}},"1":{"name":"(anonymous_1)","decl":{"start":{"line":16,"column":21},"end":{"line":16,"column":26}},"loc":{"start":{"line":16,"column":59},"end":{"line":25,"column":1}}},"2":{"name":"(anonymous_2)","decl":{"start":{"line":27,"column":18},"end":{"line":27,"column":23}},"loc":{"start":{"line":27,"column":56},"end":{"line":37,"column":1}}},"3":{"name":"(anonymous_3)","decl":{"start":{"line":39,"column":22},"end":{"line":39,"column":27}},"loc":{"start":{"line":39,"column":60},"end":{"line":48,"column":1}}},"4":{"name":"(anonymous_4)","decl":{"start":{"line":50,"column":21},"end":{"line":50,"column":26}},"loc":{"start":{"line":50,"column":59},"end":{"line":60,"column":1}}}},"branchMap":{},"s":{"0":1,"1":1,"2":1,"3":0,"4":0,"5":0,"6":0,"7":1,"8":1,"9":0,"10":0,"11":0,"12":0,"13":0,"14":1,"15":1,"16":0,"17":0,"18":0,"19":0,"20":1,"21":1,"22":0,"23":0,"24":0,"25":0,"26":0,"27":1,"28":1,"29":0,"30":0,"31":0,"32":0,"33":0,"34":1},"f":{"0":0,"1":0,"2":0,"3":0,"4":0},"b":{}}
,"C:\\Users\\jdani\\Documents\\Personal\\curso-crud-nodejs\\pedidos-restaurante\\src\\controllers\\auth\\index.ts": {"path":"C:\\Users\\jdani\\Documents\\Personal\\curso-crud-nodejs\\pedidos-restaurante\\src\\controllers\\auth\\index.ts","statementMap":{"0":{"start":{"line":2,"column":0},"end":{"line":2,"column":46}},"1":{"start":{"line":3,"column":0},"end":{"line":3,"column":28}},"2":{"start":{"line":4,"column":0},"end":{"line":4,"column":31}},"3":{"start":{"line":6,"column":15},"end":{"line":6,"column":33}},"4":{"start":{"line":8,"column":15},"end":{"line":34,"column":1}},"5":{"start":{"line":10,"column":4},"end":{"line":32,"column":null}},"6":{"start":{"line":11,"column":25},"end":{"line":13,"column":10}},"7":{"start":{"line":14,"column":8},"end":{"line":27,"column":null}},"8":{"start":{"line":15,"column":35},"end":{"line":15,"column":75}},"9":{"start":{"line":16,"column":28},"end":{"line":23,"column":14}},"10":{"start":{"line":24,"column":12},"end":{"line":24,"column":null}},"11":{"start":{"line":26,"column":12},"end":{"line":26,"column":null}},"12":{"start":{"line":30,"column":8},"end":{"line":30,"column":27}},"13":{"start":{"line":31,"column":8},"end":{"line":31,"column":36}},"14":{"start":{"line":72,"column":4},"end":{"line":72,"column":10}},"15":{"start":{"line":36,"column":15},"end":{"line":67,"column":1}},"16":{"start":{"line":38,"column":27},"end":{"line":38,"column":35}},"17":{"start":{"line":40,"column":0},"end":{"line":64,"column":null}},"18":{"start":{"line":42,"column":21},"end":{"line":44,"column":6}},"19":{"start":{"line":46,"column":4},"end":{"line":48,"column":null}},"20":{"start":{"line":47,"column":8},"end":{"line":47,"column":65}},"21":{"start":{"line":51,"column":28},"end":{"line":51,"column":77}},"22":{"start":{"line":53,"column":4},"end":{"line":55,"column":null}},"23":{"start":{"line":54,"column":8},"end":{"line":54,"column":79}},"24":{"start":{"line":57,"column":18},"end":{"line":57,"column":121}},"25":{"start":{"line":59,"column":4},"end":{"line":59,"column":41}},"26":{"start":{"line":73,"column":4},"end":{"line":73,"column":10}}},"fnMap":{"0":{"name":"(anonymous_1)","decl":{"start":{"line":8,"column":15},"end":{"line":8,"column":20}},"loc":{"start":{"line":8,"column":53},"end":{"line":34,"column":1}}},"1":{"name":"(anonymous_2)","decl":{"start":{"line":36,"column":15},"end":{"line":36,"column":20}},"loc":{"start":{"line":36,"column":53},"end":{"line":67,"column":1}}}},"branchMap":{"0":{"loc":{"start":{"line":14,"column":8},"end":{"line":27,"column":null}},"type":"if","locations":[{"start":{"line":14,"column":8},"end":{"line":27,"column":null}},{"start":{"line":25,"column":13},"end":{"line":27,"column":null}}]},"1":{"loc":{"start":{"line":46,"column":4},"end":{"line":48,"column":null}},"type":"if","locations":[{"start":{"line":46,"column":4},"end":{"line":48,"column":null}}]},"2":{"loc":{"start":{"line":53,"column":4},"end":{"line":55,"column":null}},"type":"if","locations":[{"start":{"line":53,"column":4},"end":{"line":55,"column":null}}]}},"s":{"0":1,"1":1,"2":1,"3":1,"4":1,"5":2,"6":2,"7":2,"8":0,"9":0,"10":0,"11":2,"12":0,"13":0,"14":1,"15":1,"16":1,"17":1,"18":1,"19":1,"20":0,"21":1,"22":1,"23":0,"24":1,"25":1,"26":1},"f":{"0":2,"1":1},"b":{"0":[0,2],"1":[0],"2":[0]}}
,"C:\\Users\\jdani\\Documents\\Personal\\curso-crud-nodejs\\pedidos-restaurante\\src\\controllers\\categories\\index.ts": {"path":"C:\\Users\\jdani\\Documents\\Personal\\curso-crud-nodejs\\pedidos-restaurante\\src\\controllers\\categories\\index.ts","statementMap":{"0":{"start":{"line":2,"column":0},"end":{"line":2,"column":46}},"1":{"start":{"line":3,"column":15},"end":{"line":3,"column":33}},"2":{"start":{"line":5,"column":21},"end":{"line":12,"column":1}},"3":{"start":{"line":6,"column":4},"end":{"line":11,"column":null}},"4":{"start":{"line":7,"column":24},"end":{"line":7,"column":72}},"5":{"start":{"line":8,"column":9},"end":{"line":8,"column":null}},"6":{"start":{"line":10,"column":8},"end":{"line":10,"column":43}},"7":{"start":{"line":57,"column":4},"end":{"line":57,"column":16}},"8":{"start":{"line":14,"column":21},"end":{"line":22,"column":1}},"9":{"start":{"line":15,"column":17},"end":{"line":15,"column":27}},"10":{"start":{"line":16,"column":4},"end":{"line":21,"column":null}},"11":{"start":{"line":17,"column":23},"end":{"line":17,"column":87}},"12":{"start":{"line":18,"column":8},"end":{"line":18,"column":null}},"13":{"start":{"line":20,"column":8},"end":{"line":20,"column":43}},"14":{"start":{"line":58,"column":4},"end":{"line":58,"column":16}},"15":{"start":{"line":24,"column":18},"end":{"line":33,"column":1}},"16":{"start":{"line":26,"column":4},"end":{"line":31,"column":null}},"17":{"start":{"line":27,"column":23},"end":{"line":27,"column":57}},"18":{"start":{"line":28,"column":8},"end":{"line":28,"column":null}},"19":{"start":{"line":30,"column":8},"end":{"line":30,"column":43}},"20":{"start":{"line":59,"column":4},"end":{"line":59,"column":13}},"21":{"start":{"line":35,"column":22},"end":{"line":43,"column":1}},"22":{"start":{"line":36,"column":17},"end":{"line":36,"column":27}},"23":{"start":{"line":37,"column":4},"end":{"line":42,"column":null}},"24":{"start":{"line":38,"column":23},"end":{"line":38,"column":76}},"25":{"start":{"line":39,"column":8},"end":{"line":39,"column":null}},"26":{"start":{"line":41,"column":8},"end":{"line":41,"column":43}},"27":{"start":{"line":60,"column":4},"end":{"line":60,"column":17}},"28":{"start":{"line":45,"column":21},"end":{"line":54,"column":1}},"29":{"start":{"line":46,"column":17},"end":{"line":46,"column":27}},"30":{"start":{"line":47,"column":4},"end":{"line":53,"column":null}},"31":{"start":{"line":48,"column":23},"end":{"line":48,"column":72}},"32":{"start":{"line":49,"column":8},"end":{"line":49,"column":null}},"33":{"start":{"line":52,"column":8},"end":{"line":52,"column":43}},"34":{"start":{"line":61,"column":4},"end":{"line":61,"column":16}}},"fnMap":{"0":{"name":"(anonymous_0)","decl":{"start":{"line":5,"column":21},"end":{"line":5,"column":26}},"loc":{"start":{"line":5,"column":59},"end":{"line":12,"column":1}}},"1":{"name":"(anonymous_1)","decl":{"start":{"line":14,"column":21},"end":{"line":14,"column":26}},"loc":{"start":{"line":14,"column":59},"end":{"line":22,"column":1}}},"2":{"name":"(anonymous_2)","decl":{"start":{"line":24,"column":18},"end":{"line":24,"column":23}},"loc":{"start":{"line":24,"column":56},"end":{"line":33,"column":1}}},"3":{"name":"(anonymous_3)","decl":{"start":{"line":35,"column":22},"end":{"line":35,"column":27}},"loc":{"start":{"line":35,"column":60},"end":{"line":43,"column":1}}},"4":{"name":"(anonymous_4)","decl":{"start":{"line":45,"column":21},"end":{"line":45,"column":26}},"loc":{"start":{"line":45,"column":59},"end":{"line":54,"column":1}}}},"branchMap":{},"s":{"0":1,"1":1,"2":1,"3":0,"4":0,"5":0,"6":0,"7":1,"8":1,"9":0,"10":0,"11":0,"12":0,"13":0,"14":1,"15":1,"16":0,"17":0,"18":0,"19":0,"20":1,"21":1,"22":0,"23":0,"24":0,"25":0,"26":0,"27":1,"28":1,"29":0,"30":0,"31":0,"32":0,"33":0,"34":1},"f":{"0":0,"1":0,"2":0,"3":0,"4":0},"b":{}}
,"C:\\Users\\jdani\\Documents\\Personal\\curso-crud-nodejs\\pedidos-restaurante\\src\\controllers\\customers\\index.ts": {"path":"C:\\Users\\jdani\\Documents\\Personal\\curso-crud-nodejs\\pedidos-restaurante\\src\\controllers\\customers\\index.ts","statementMap":{"0":{"start":{"line":2,"column":0},"end":{"line":2,"column":46}},"1":{"start":{"line":3,"column":15},"end":{"line":3,"column":33}},"2":{"start":{"line":5,"column":21},"end":{"line":12,"column":1}},"3":{"start":{"line":6,"column":4},"end":{"line":11,"column":null}},"4":{"start":{"line":7,"column":24},"end":{"line":7,"column":71}},"5":{"start":{"line":8,"column":9},"end":{"line":8,"column":null}},"6":{"start":{"line":10,"column":8},"end":{"line":10,"column":43}},"7":{"start":{"line":57,"column":4},"end":{"line":57,"column":16}},"8":{"start":{"line":14,"column":21},"end":{"line":22,"column":1}},"9":{"start":{"line":15,"column":17},"end":{"line":15,"column":27}},"10":{"start":{"line":16,"column":4},"end":{"line":21,"column":null}},"11":{"start":{"line":17,"column":23},"end":{"line":17,"column":86}},"12":{"start":{"line":18,"column":8},"end":{"line":18,"column":null}},"13":{"start":{"line":20,"column":8},"end":{"line":20,"column":43}},"14":{"start":{"line":58,"column":4},"end":{"line":58,"column":16}},"15":{"start":{"line":24,"column":18},"end":{"line":33,"column":1}},"16":{"start":{"line":26,"column":4},"end":{"line":31,"column":null}},"17":{"start":{"line":27,"column":23},"end":{"line":27,"column":56}},"18":{"start":{"line":28,"column":8},"end":{"line":28,"column":null}},"19":{"start":{"line":30,"column":8},"end":{"line":30,"column":43}},"20":{"start":{"line":59,"column":4},"end":{"line":59,"column":13}},"21":{"start":{"line":35,"column":22},"end":{"line":43,"column":1}},"22":{"start":{"line":36,"column":17},"end":{"line":36,"column":27}},"23":{"start":{"line":37,"column":4},"end":{"line":42,"column":null}},"24":{"start":{"line":38,"column":23},"end":{"line":38,"column":75}},"25":{"start":{"line":39,"column":8},"end":{"line":39,"column":null}},"26":{"start":{"line":41,"column":8},"end":{"line":41,"column":43}},"27":{"start":{"line":60,"column":4},"end":{"line":60,"column":17}},"28":{"start":{"line":45,"column":21},"end":{"line":54,"column":1}},"29":{"start":{"line":46,"column":17},"end":{"line":46,"column":27}},"30":{"start":{"line":47,"column":4},"end":{"line":53,"column":null}},"31":{"start":{"line":48,"column":23},"end":{"line":48,"column":71}},"32":{"start":{"line":49,"column":8},"end":{"line":49,"column":null}},"33":{"start":{"line":52,"column":8},"end":{"line":52,"column":43}},"34":{"start":{"line":61,"column":4},"end":{"line":61,"column":16}}},"fnMap":{"0":{"name":"(anonymous_0)","decl":{"start":{"line":5,"column":21},"end":{"line":5,"column":26}},"loc":{"start":{"line":5,"column":59},"end":{"line":12,"column":1}}},"1":{"name":"(anonymous_1)","decl":{"start":{"line":14,"column":21},"end":{"line":14,"column":26}},"loc":{"start":{"line":14,"column":59},"end":{"line":22,"column":1}}},"2":{"name":"(anonymous_2)","decl":{"start":{"line":24,"column":18},"end":{"line":24,"column":23}},"loc":{"start":{"line":24,"column":56},"end":{"line":33,"column":1}}},"3":{"name":"(anonymous_3)","decl":{"start":{"line":35,"column":22},"end":{"line":35,"column":27}},"loc":{"start":{"line":35,"column":60},"end":{"line":43,"column":1}}},"4":{"name":"(anonymous_4)","decl":{"start":{"line":45,"column":21},"end":{"line":45,"column":26}},"loc":{"start":{"line":45,"column":59},"end":{"line":54,"column":1}}}},"branchMap":{},"s":{"0":1,"1":1,"2":1,"3":0,"4":0,"5":0,"6":0,"7":1,"8":1,"9":0,"10":0,"11":0,"12":0,"13":0,"14":1,"15":1,"16":0,"17":0,"18":0,"19":0,"20":1,"21":1,"22":0,"23":0,"24":0,"25":0,"26":0,"27":1,"28":1,"29":0,"30":0,"31":0,"32":0,"33":0,"34":1},"f":{"0":0,"1":0,"2":0,"3":0,"4":0},"b":{}}
,"C:\\Users\\jdani\\Documents\\Personal\\curso-crud-nodejs\\pedidos-restaurante\\src\\controllers\\github\\index.ts": {"path":"C:\\Users\\jdani\\Documents\\Personal\\curso-crud-nodejs\\pedidos-restaurante\\src\\controllers\\github\\index.ts","statementMap":{"0":{"start":{"line":2,"column":0},"end":{"line":2,"column":26}},"1":{"start":{"line":4,"column":19},"end":{"line":45,"column":1}},"2":{"start":{"line":6,"column":23},"end":{"line":6,"column":31}},"3":{"start":{"line":9,"column":4},"end":{"line":44,"column":null}},"4":{"start":{"line":11,"column":24},"end":{"line":11,"column":49}},"5":{"start":{"line":13,"column":8},"end":{"line":23,"column":null}},"6":{"start":{"line":21,"column":12},"end":{"line":21,"column":87}},"7":{"start":{"line":25,"column":25},"end":{"line":25,"column":44}},"8":{"start":{"line":26,"column":26},"end":{"line":26,"column":68}},"9":{"start":{"line":27,"column":12},"end":{"line":41,"column":null}},"10":{"start":{"line":28,"column":31},"end":{"line":35,"column":18}},"11":{"start":{"line":36,"column":16},"end":{"line":36,"column":73}},"12":{"start":{"line":37,"column":16},"end":{"line":37,"column":46}},"13":{"start":{"line":40,"column":16},"end":{"line":40,"column":44}},"14":{"start":{"line":43,"column":8},"end":{"line":43,"column":69}},"15":{"start":{"line":68,"column":4},"end":{"line":68,"column":14}},"16":{"start":{"line":48,"column":24},"end":{"line":51,"column":1}},"17":{"start":{"line":49,"column":23},"end":{"line":49,"column":51}},"18":{"start":{"line":50,"column":4},"end":{"line":50,"column":37}},"19":{"start":{"line":53,"column":24},"end":{"line":65,"column":1}},"20":{"start":{"line":54,"column":4},"end":{"line":64,"column":null}},"21":{"start":{"line":55,"column":23},"end":{"line":58,"column":10}},"22":{"start":{"line":60,"column":8},"end":{"line":60,"column":27}},"23":{"start":{"line":63,"column":8},"end":{"line":63,"column":31}}},"fnMap":{"0":{"name":"(anonymous_1)","decl":{"start":{"line":4,"column":19},"end":{"line":4,"column":24}},"loc":{"start":{"line":4,"column":72},"end":{"line":45,"column":1}}},"1":{"name":"(anonymous_2)","decl":{"start":{"line":48,"column":24},"end":{"line":48,"column":25}},"loc":{"start":{"line":48,"column":54},"end":{"line":51,"column":1}}},"2":{"name":"(anonymous_3)","decl":{"start":{"line":53,"column":24},"end":{"line":53,"column":29}},"loc":{"start":{"line":53,"column":51},"end":{"line":65,"column":1}}}},"branchMap":{"0":{"loc":{"start":{"line":9,"column":4},"end":{"line":44,"column":null}},"type":"if","locations":[{"start":{"line":9,"column":4},"end":{"line":44,"column":null}},{"start":{"line":42,"column":9},"end":{"line":44,"column":null}}]},"1":{"loc":{"start":{"line":13,"column":8},"end":{"line":23,"column":null}},"type":"if","locations":[{"start":{"line":13,"column":8},"end":{"line":23,"column":null}}]}},"s":{"0":1,"1":1,"2":0,"3":0,"4":0,"5":0,"6":0,"7":0,"8":0,"9":0,"10":0,"11":0,"12":0,"13":0,"14":0,"15":1,"16":1,"17":0,"18":0,"19":1,"20":0,"21":0,"22":0,"23":0},"f":{"0":0,"1":0,"2":0},"b":{"0":[0,0],"1":[0]}}
,"C:\\Users\\jdani\\Documents\\Personal\\curso-crud-nodejs\\pedidos-restaurante\\src\\controllers\\orders\\index.ts": {"path":"C:\\Users\\jdani\\Documents\\Personal\\curso-crud-nodejs\\pedidos-restaurante\\src\\controllers\\orders\\index.ts","statementMap":{"0":{"start":{"line":2,"column":0},"end":{"line":2,"column":46}},"1":{"start":{"line":3,"column":15},"end":{"line":3,"column":33}},"2":{"start":{"line":5,"column":21},"end":{"line":12,"column":1}},"3":{"start":{"line":6,"column":4},"end":{"line":11,"column":null}},"4":{"start":{"line":7,"column":24},"end":{"line":7,"column":68}},"5":{"start":{"line":8,"column":9},"end":{"line":8,"column":null}},"6":{"start":{"line":10,"column":8},"end":{"line":10,"column":43}},"7":{"start":{"line":57,"column":4},"end":{"line":57,"column":16}},"8":{"start":{"line":14,"column":21},"end":{"line":22,"column":1}},"9":{"start":{"line":15,"column":17},"end":{"line":15,"column":27}},"10":{"start":{"line":16,"column":4},"end":{"line":21,"column":null}},"11":{"start":{"line":17,"column":23},"end":{"line":17,"column":83}},"12":{"start":{"line":18,"column":8},"end":{"line":18,"column":null}},"13":{"start":{"line":20,"column":8},"end":{"line":20,"column":43}},"14":{"start":{"line":58,"column":4},"end":{"line":58,"column":16}},"15":{"start":{"line":24,"column":18},"end":{"line":33,"column":1}},"16":{"start":{"line":26,"column":4},"end":{"line":31,"column":null}},"17":{"start":{"line":27,"column":23},"end":{"line":27,"column":53}},"18":{"start":{"line":28,"column":8},"end":{"line":28,"column":null}},"19":{"start":{"line":30,"column":8},"end":{"line":30,"column":43}},"20":{"start":{"line":59,"column":4},"end":{"line":59,"column":13}},"21":{"start":{"line":35,"column":22},"end":{"line":43,"column":1}},"22":{"start":{"line":36,"column":17},"end":{"line":36,"column":27}},"23":{"start":{"line":37,"column":4},"end":{"line":42,"column":null}},"24":{"start":{"line":38,"column":23},"end":{"line":38,"column":72}},"25":{"start":{"line":39,"column":8},"end":{"line":39,"column":null}},"26":{"start":{"line":41,"column":8},"end":{"line":41,"column":43}},"27":{"start":{"line":60,"column":4},"end":{"line":60,"column":17}},"28":{"start":{"line":45,"column":21},"end":{"line":54,"column":1}},"29":{"start":{"line":46,"column":17},"end":{"line":46,"column":27}},"30":{"start":{"line":47,"column":4},"end":{"line":53,"column":null}},"31":{"start":{"line":48,"column":23},"end":{"line":48,"column":68}},"32":{"start":{"line":49,"column":8},"end":{"line":49,"column":null}},"33":{"start":{"line":52,"column":8},"end":{"line":52,"column":43}},"34":{"start":{"line":61,"column":4},"end":{"line":61,"column":16}}},"fnMap":{"0":{"name":"(anonymous_0)","decl":{"start":{"line":5,"column":21},"end":{"line":5,"column":26}},"loc":{"start":{"line":5,"column":59},"end":{"line":12,"column":1}}},"1":{"name":"(anonymous_1)","decl":{"start":{"line":14,"column":21},"end":{"line":14,"column":26}},"loc":{"start":{"line":14,"column":59},"end":{"line":22,"column":1}}},"2":{"name":"(anonymous_2)","decl":{"start":{"line":24,"column":18},"end":{"line":24,"column":23}},"loc":{"start":{"line":24,"column":56},"end":{"line":33,"column":1}}},"3":{"name":"(anonymous_3)","decl":{"start":{"line":35,"column":22},"end":{"line":35,"column":27}},"loc":{"start":{"line":35,"column":60},"end":{"line":43,"column":1}}},"4":{"name":"(anonymous_4)","decl":{"start":{"line":45,"column":21},"end":{"line":45,"column":26}},"loc":{"start":{"line":45,"column":59},"end":{"line":54,"column":1}}}},"branchMap":{},"s":{"0":1,"1":1,"2":1,"3":0,"4":0,"5":0,"6":0,"7":1,"8":1,"9":0,"10":0,"11":0,"12":0,"13":0,"14":1,"15":1,"16":0,"17":0,"18":0,"19":0,"20":1,"21":1,"22":0,"23":0,"24":0,"25":0,"26":0,"27":1,"28":1,"29":0,"30":0,"31":0,"32":0,"33":0,"34":1},"f":{"0":0,"1":0,"2":0,"3":0,"4":0},"b":{}}
,"C:\\Users\\jdani\\Documents\\Personal\\curso-crud-nodejs\\pedidos-restaurante\\src\\controllers\\products\\index.ts": {"path":"C:\\Users\\jdani\\Documents\\Personal\\curso-crud-nodejs\\pedidos-restaurante\\src\\controllers\\products\\index.ts","statementMap":{"0":{"start":{"line":2,"column":0},"end":{"line":2,"column":46}},"1":{"start":{"line":3,"column":15},"end":{"line":3,"column":33}},"2":{"start":{"line":5,"column":21},"end":{"line":12,"column":1}},"3":{"start":{"line":6,"column":4},"end":{"line":11,"column":null}},"4":{"start":{"line":7,"column":24},"end":{"line":7,"column":70}},"5":{"start":{"line":8,"column":9},"end":{"line":8,"column":null}},"6":{"start":{"line":10,"column":8},"end":{"line":10,"column":43}},"7":{"start":{"line":57,"column":4},"end":{"line":57,"column":16}},"8":{"start":{"line":14,"column":21},"end":{"line":22,"column":1}},"9":{"start":{"line":15,"column":17},"end":{"line":15,"column":27}},"10":{"start":{"line":16,"column":4},"end":{"line":21,"column":null}},"11":{"start":{"line":17,"column":23},"end":{"line":17,"column":85}},"12":{"start":{"line":18,"column":8},"end":{"line":18,"column":null}},"13":{"start":{"line":20,"column":8},"end":{"line":20,"column":43}},"14":{"start":{"line":58,"column":4},"end":{"line":58,"column":16}},"15":{"start":{"line":24,"column":18},"end":{"line":33,"column":1}},"16":{"start":{"line":26,"column":4},"end":{"line":31,"column":null}},"17":{"start":{"line":27,"column":23},"end":{"line":27,"column":55}},"18":{"start":{"line":28,"column":8},"end":{"line":28,"column":null}},"19":{"start":{"line":30,"column":8},"end":{"line":30,"column":43}},"20":{"start":{"line":59,"column":4},"end":{"line":59,"column":13}},"21":{"start":{"line":35,"column":22},"end":{"line":43,"column":1}},"22":{"start":{"line":36,"column":17},"end":{"line":36,"column":27}},"23":{"start":{"line":37,"column":4},"end":{"line":42,"column":null}},"24":{"start":{"line":38,"column":23},"end":{"line":38,"column":74}},"25":{"start":{"line":39,"column":8},"end":{"line":39,"column":null}},"26":{"start":{"line":41,"column":8},"end":{"line":41,"column":43}},"27":{"start":{"line":60,"column":4},"end":{"line":60,"column":17}},"28":{"start":{"line":45,"column":21},"end":{"line":54,"column":1}},"29":{"start":{"line":46,"column":17},"end":{"line":46,"column":27}},"30":{"start":{"line":47,"column":4},"end":{"line":53,"column":null}},"31":{"start":{"line":48,"column":23},"end":{"line":48,"column":70}},"32":{"start":{"line":49,"column":8},"end":{"line":49,"column":null}},"33":{"start":{"line":52,"column":8},"end":{"line":52,"column":43}},"34":{"start":{"line":61,"column":4},"end":{"line":61,"column":16}}},"fnMap":{"0":{"name":"(anonymous_0)","decl":{"start":{"line":5,"column":21},"end":{"line":5,"column":26}},"loc":{"start":{"line":5,"column":59},"end":{"line":12,"column":1}}},"1":{"name":"(anonymous_1)","decl":{"start":{"line":14,"column":21},"end":{"line":14,"column":26}},"loc":{"start":{"line":14,"column":59},"end":{"line":22,"column":1}}},"2":{"name":"(anonymous_2)","decl":{"start":{"line":24,"column":18},"end":{"line":24,"column":23}},"loc":{"start":{"line":24,"column":56},"end":{"line":33,"column":1}}},"3":{"name":"(anonymous_3)","decl":{"start":{"line":35,"column":22},"end":{"line":35,"column":27}},"loc":{"start":{"line":35,"column":60},"end":{"line":43,"column":1}}},"4":{"name":"(anonymous_4)","decl":{"start":{"line":45,"column":21},"end":{"line":45,"column":26}},"loc":{"start":{"line":45,"column":59},"end":{"line":54,"column":1}}}},"branchMap":{},"s":{"0":1,"1":1,"2":1,"3":0,"4":0,"5":0,"6":0,"7":1,"8":1,"9":0,"10":0,"11":0,"12":0,"13":0,"14":1,"15":1,"16":0,"17":0,"18":0,"19":0,"20":1,"21":1,"22":0,"23":0,"24":0,"25":0,"26":0,"27":1,"28":1,"29":0,"30":0,"31":0,"32":0,"33":0,"34":1},"f":{"0":0,"1":0,"2":0,"3":0,"4":0},"b":{}}
,"C:\\Users\\jdani\\Documents\\Personal\\curso-crud-nodejs\\pedidos-restaurante\\src\\controllers\\tables\\index.ts": {"path":"C:\\Users\\jdani\\Documents\\Personal\\curso-crud-nodejs\\pedidos-restaurante\\src\\controllers\\tables\\index.ts","statementMap":{"0":{"start":{"line":2,"column":0},"end":{"line":2,"column":46}},"1":{"start":{"line":3,"column":15},"end":{"line":3,"column":33}},"2":{"start":{"line":5,"column":21},"end":{"line":12,"column":1}},"3":{"start":{"line":6,"column":4},"end":{"line":11,"column":null}},"4":{"start":{"line":7,"column":24},"end":{"line":7,"column":68}},"5":{"start":{"line":8,"column":9},"end":{"line":8,"column":null}},"6":{"start":{"line":10,"column":8},"end":{"line":10,"column":43}},"7":{"start":{"line":57,"column":4},"end":{"line":57,"column":16}},"8":{"start":{"line":14,"column":21},"end":{"line":22,"column":1}},"9":{"start":{"line":15,"column":17},"end":{"line":15,"column":27}},"10":{"start":{"line":16,"column":4},"end":{"line":21,"column":null}},"11":{"start":{"line":17,"column":23},"end":{"line":17,"column":83}},"12":{"start":{"line":18,"column":8},"end":{"line":18,"column":null}},"13":{"start":{"line":20,"column":8},"end":{"line":20,"column":43}},"14":{"start":{"line":58,"column":4},"end":{"line":58,"column":16}},"15":{"start":{"line":24,"column":18},"end":{"line":33,"column":1}},"16":{"start":{"line":26,"column":4},"end":{"line":31,"column":null}},"17":{"start":{"line":27,"column":23},"end":{"line":27,"column":53}},"18":{"start":{"line":28,"column":8},"end":{"line":28,"column":null}},"19":{"start":{"line":30,"column":8},"end":{"line":30,"column":43}},"20":{"start":{"line":59,"column":4},"end":{"line":59,"column":13}},"21":{"start":{"line":35,"column":22},"end":{"line":43,"column":1}},"22":{"start":{"line":36,"column":17},"end":{"line":36,"column":27}},"23":{"start":{"line":37,"column":4},"end":{"line":42,"column":null}},"24":{"start":{"line":38,"column":23},"end":{"line":38,"column":72}},"25":{"start":{"line":39,"column":8},"end":{"line":39,"column":null}},"26":{"start":{"line":41,"column":8},"end":{"line":41,"column":43}},"27":{"start":{"line":60,"column":4},"end":{"line":60,"column":17}},"28":{"start":{"line":45,"column":21},"end":{"line":54,"column":1}},"29":{"start":{"line":46,"column":17},"end":{"line":46,"column":27}},"30":{"start":{"line":47,"column":4},"end":{"line":53,"column":null}},"31":{"start":{"line":48,"column":23},"end":{"line":48,"column":68}},"32":{"start":{"line":49,"column":8},"end":{"line":49,"column":null}},"33":{"start":{"line":52,"column":8},"end":{"line":52,"column":43}},"34":{"start":{"line":61,"column":4},"end":{"line":61,"column":16}}},"fnMap":{"0":{"name":"(anonymous_0)","decl":{"start":{"line":5,"column":21},"end":{"line":5,"column":26}},"loc":{"start":{"line":5,"column":59},"end":{"line":12,"column":1}}},"1":{"name":"(anonymous_1)","decl":{"start":{"line":14,"column":21},"end":{"line":14,"column":26}},"loc":{"start":{"line":14,"column":59},"end":{"line":22,"column":1}}},"2":{"name":"(anonymous_2)","decl":{"start":{"line":24,"column":18},"end":{"line":24,"column":23}},"loc":{"start":{"line":24,"column":56},"end":{"line":33,"column":1}}},"3":{"name":"(anonymous_3)","decl":{"start":{"line":35,"column":22},"end":{"line":35,"column":27}},"loc":{"start":{"line":35,"column":60},"end":{"line":43,"column":1}}},"4":{"name":"(anonymous_4)","decl":{"start":{"line":45,"column":21},"end":{"line":45,"column":26}},"loc":{"start":{"line":45,"column":59},"end":{"line":54,"column":1}}}},"branchMap":{},"s":{"0":1,"1":1,"2":1,"3":0,"4":0,"5":0,"6":0,"7":1,"8":1,"9":0,"10":0,"11":0,"12":0,"13":0,"14":1,"15":1,"16":0,"17":0,"18":0,"19":0,"20":1,"21":1,"22":0,"23":0,"24":0,"25":0,"26":0,"27":1,"28":1,"29":0,"30":0,"31":0,"32":0,"33":0,"34":1},"f":{"0":0,"1":0,"2":0,"3":0,"4":0},"b":{}}
,"C:\\Users\\jdani\\Documents\\Personal\\curso-crud-nodejs\\pedidos-restaurante\\src\\controllers\\usuarios\\index.ts": {"path":"C:\\Users\\jdani\\Documents\\Personal\\curso-crud-nodejs\\pedidos-restaurante\\src\\controllers\\usuarios\\index.ts","statementMap":{"0":{"start":{"line":2,"column":0},"end":{"line":2,"column":46}},"1":{"start":{"line":4,"column":15},"end":{"line":4,"column":33}},"2":{"start":{"line":6,"column":20},"end":{"line":18,"column":1}},"3":{"start":{"line":8,"column":4},"end":{"line":8,"column":52}},"4":{"start":{"line":10,"column":4},"end":{"line":16,"column":null}},"5":{"start":{"line":11,"column":25},"end":{"line":11,"column":53}},"6":{"start":{"line":12,"column":8},"end":{"line":12,"column":60}},"7":{"start":{"line":13,"column":8},"end":{"line":13,"column":27}},"8":{"start":{"line":15,"column":8},"end":{"line":15,"column":36}},"9":{"start":{"line":80,"column":4},"end":{"line":80,"column":15}},"10":{"start":{"line":20,"column":24},"end":{"line":38,"column":1}},"11":{"start":{"line":21,"column":26},"end":{"line":21,"column":36}},"12":{"start":{"line":28,"column":4},"end":{"line":36,"column":null}},"13":{"start":{"line":29,"column":25},"end":{"line":31,"column":10}},"14":{"start":{"line":32,"column":8},"end":{"line":32,"column":60}},"15":{"start":{"line":33,"column":8},"end":{"line":33,"column":27}},"16":{"start":{"line":35,"column":8},"end":{"line":35,"column":36}},"17":{"start":{"line":81,"column":4},"end":{"line":81,"column":19}},"18":{"start":{"line":40,"column":23},"end":{"line":51,"column":1}},"19":{"start":{"line":42,"column":4},"end":{"line":49,"column":null}},"20":{"start":{"line":44,"column":25},"end":{"line":44,"column":53}},"21":{"start":{"line":45,"column":8},"end":{"line":45,"column":60}},"22":{"start":{"line":46,"column":8},"end":{"line":46,"column":27}},"23":{"start":{"line":48,"column":8},"end":{"line":48,"column":36}},"24":{"start":{"line":82,"column":4},"end":{"line":82,"column":18}},"25":{"start":{"line":53,"column":20},"end":{"line":64,"column":1}},"26":{"start":{"line":55,"column":4},"end":{"line":62,"column":null}},"27":{"start":{"line":57,"column":25},"end":{"line":57,"column":53}},"28":{"start":{"line":58,"column":8},"end":{"line":58,"column":60}},"29":{"start":{"line":59,"column":8},"end":{"line":59,"column":27}},"30":{"start":{"line":61,"column":8},"end":{"line":61,"column":36}},"31":{"start":{"line":83,"column":4},"end":{"line":83,"column":15}},"32":{"start":{"line":66,"column":20},"end":{"line":77,"column":1}},"33":{"start":{"line":68,"column":4},"end":{"line":75,"column":null}},"34":{"start":{"line":70,"column":25},"end":{"line":70,"column":53}},"35":{"start":{"line":71,"column":8},"end":{"line":71,"column":60}},"36":{"start":{"line":72,"column":8},"end":{"line":72,"column":27}},"37":{"start":{"line":74,"column":8},"end":{"line":74,"column":36}},"38":{"start":{"line":84,"column":4},"end":{"line":84,"column":15}}},"fnMap":{"0":{"name":"(anonymous_0)","decl":{"start":{"line":6,"column":20},"end":{"line":6,"column":25}},"loc":{"start":{"line":6,"column":73},"end":{"line":18,"column":1}}},"1":{"name":"(anonymous_1)","decl":{"start":{"line":20,"column":24},"end":{"line":20,"column":29}},"loc":{"start":{"line":20,"column":77},"end":{"line":38,"column":1}}},"2":{"name":"(anonymous_2)","decl":{"start":{"line":40,"column":23},"end":{"line":40,"column":28}},"loc":{"start":{"line":40,"column":76},"end":{"line":51,"column":1}}},"3":{"name":"(anonymous_3)","decl":{"start":{"line":53,"column":20},"end":{"line":53,"column":25}},"loc":{"start":{"line":53,"column":73},"end":{"line":64,"column":1}}},"4":{"name":"(anonymous_4)","decl":{"start":{"line":66,"column":20},"end":{"line":66,"column":25}},"loc":{"start":{"line":66,"column":73},"end":{"line":77,"column":1}}}},"branchMap":{},"s":{"0":1,"1":1,"2":1,"3":0,"4":0,"5":0,"6":0,"7":0,"8":0,"9":1,"10":1,"11":0,"12":0,"13":0,"14":0,"15":0,"16":0,"17":1,"18":1,"19":0,"20":0,"21":0,"22":0,"23":0,"24":1,"25":1,"26":0,"27":0,"28":0,"29":0,"30":0,"31":1,"32":1,"33":0,"34":0,"35":0,"36":0,"37":0,"38":1},"f":{"0":0,"1":0,"2":0,"3":0,"4":0},"b":{}}
,"C:\\Users\\jdani\\Documents\\Personal\\curso-crud-nodejs\\pedidos-restaurante\\src\\middleware\\auth\\index.ts": {"path":"C:\\Users\\jdani\\Documents\\Personal\\curso-crud-nodejs\\pedidos-restaurante\\src\\middleware\\auth\\index.ts","statementMap":{"0":{"start":{"line":2,"column":0},"end":{"line":2,"column":31}},"1":{"start":{"line":13,"column":24},"end":{"line":13,"column":49}},"2":{"start":{"line":57,"column":4},"end":{"line":59,"column":null}},"3":{"start":{"line":58,"column":8},"end":{"line":58,"column":69}},"4":{"start":{"line":61,"column":4},"end":{"line":72,"column":null}},"5":{"start":{"line":62,"column":8},"end":{"line":64,"column":null}},"6":{"start":{"line":63,"column":12},"end":{"line":63,"column":null}},"7":{"start":{"line":67,"column":8},"end":{"line":67,"column":32}},"8":{"start":{"line":69,"column":8},"end":{"line":69,"column":22}},"9":{"start":{"line":12,"column":0},"end":{"line":12,"column":25}}},"fnMap":{"0":{"name":"default_1","decl":{"start":{"line":12,"column":0},"end":{"line":12,"column":25}},"loc":{"start":{"line":12,"column":72},"end":{"line":73,"column":1}}},"1":{"name":"(anonymous_2)","decl":{"start":{"line":61,"column":41},"end":{"line":61,"column":42}},"loc":{"start":{"line":61,"column":57},"end":{"line":72,"column":5}}}},"branchMap":{"0":{"loc":{"start":{"line":57,"column":4},"end":{"line":59,"column":null}},"type":"if","locations":[{"start":{"line":57,"column":4},"end":{"line":59,"column":null}}]},"1":{"loc":{"start":{"line":62,"column":8},"end":{"line":64,"column":null}},"type":"if","locations":[{"start":{"line":62,"column":8},"end":{"line":64,"column":null}}]}},"s":{"0":2,"1":3,"2":3,"3":1,"4":2,"5":2,"6":1,"7":1,"8":1,"9":2},"f":{"0":3,"1":2},"b":{"0":[1],"1":[1]}}
,"C:\\Users\\jdani\\Documents\\Personal\\curso-crud-nodejs\\pedidos-restaurante\\src\\routes\\index.ts": {"path":"C:\\Users\\jdani\\Documents\\Personal\\curso-crud-nodejs\\pedidos-restaurante\\src\\routes\\index.ts","statementMap":{"0":{"start":{"line":1,"column":0},"end":{"line":1,"column":30}},"1":{"start":{"line":2,"column":0},"end":{"line":2,"column":36}},"2":{"start":{"line":3,"column":0},"end":{"line":3,"column":35}},"3":{"start":{"line":4,"column":0},"end":{"line":4,"column":31}},"4":{"start":{"line":6,"column":0},"end":{"line":6,"column":37}},"5":{"start":{"line":7,"column":0},"end":{"line":7,"column":43}},"6":{"start":{"line":8,"column":0},"end":{"line":8,"column":41}},"7":{"start":{"line":9,"column":0},"end":{"line":9,"column":39}},"8":{"start":{"line":10,"column":0},"end":{"line":10,"column":35}},"9":{"start":{"line":11,"column":0},"end":{"line":11,"column":35}},"10":{"start":{"line":13,"column":15},"end":{"line":13,"column":31}},"11":{"start":{"line":16,"column":0},"end":{"line":16,"column":37}},"12":{"start":{"line":17,"column":0},"end":{"line":17,"column":36}},"13":{"start":{"line":18,"column":0},"end":{"line":18,"column":32}},"14":{"start":{"line":20,"column":0},"end":{"line":20,"column":38}},"15":{"start":{"line":21,"column":0},"end":{"line":21,"column":44}},"16":{"start":{"line":22,"column":0},"end":{"line":22,"column":42}},"17":{"start":{"line":23,"column":0},"end":{"line":23,"column":40}},"18":{"start":{"line":24,"column":0},"end":{"line":24,"column":36}},"19":{"start":{"line":25,"column":0},"end":{"line":25,"column":36}},"20":{"start":{"line":29,"column":0},"end":{"line":29,"column":22}}},"fnMap":{},"branchMap":{},"s":{"0":1,"1":1,"2":1,"3":1,"4":1,"5":1,"6":1,"7":1,"8":1,"9":1,"10":1,"11":1,"12":1,"13":1,"14":1,"15":1,"16":1,"17":1,"18":1,"19":1,"20":1},"f":{},"b":{}}
,"C:\\Users\\jdani\\Documents\\Personal\\curso-crud-nodejs\\pedidos-restaurante\\src\\routes\\address\\index.ts": {"path":"C:\\Users\\jdani\\Documents\\Personal\\curso-crud-nodejs\\pedidos-restaurante\\src\\routes\\address\\index.ts","statementMap":{"0":{"start":{"line":1,"column":0},"end":{"line":1,"column":30}},"1":{"start":{"line":3,"column":0},"end":{"line":3,"column":110}},"2":{"start":{"line":4,"column":0},"end":{"line":4,"column":51}},"3":{"start":{"line":5,"column":15},"end":{"line":5,"column":31}},"4":{"start":{"line":8,"column":0},"end":{"line":8,"column":45}},"5":{"start":{"line":9,"column":0},"end":{"line":9,"column":52}},"6":{"start":{"line":10,"column":0},"end":{"line":10,"column":49}},"7":{"start":{"line":11,"column":0},"end":{"line":11,"column":51}},"8":{"start":{"line":12,"column":0},"end":{"line":12,"column":54}},"9":{"start":{"line":14,"column":0},"end":{"line":14,"column":22}}},"fnMap":{},"branchMap":{},"s":{"0":1,"1":1,"2":1,"3":1,"4":1,"5":1,"6":1,"7":1,"8":1,"9":1},"f":{},"b":{}}
,"C:\\Users\\jdani\\Documents\\Personal\\curso-crud-nodejs\\pedidos-restaurante\\src\\routes\\auth\\index.ts": {"path":"C:\\Users\\jdani\\Documents\\Personal\\curso-crud-nodejs\\pedidos-restaurante\\src\\routes\\auth\\index.ts","statementMap":{"0":{"start":{"line":1,"column":0},"end":{"line":1,"column":30}},"1":{"start":{"line":3,"column":0},"end":{"line":3,"column":55}},"2":{"start":{"line":4,"column":15},"end":{"line":4,"column":31}},"3":{"start":{"line":7,"column":0},"end":{"line":7,"column":31}},"4":{"start":{"line":8,"column":0},"end":{"line":8,"column":31}},"5":{"start":{"line":10,"column":0},"end":{"line":10,"column":22}}},"fnMap":{},"branchMap":{},"s":{"0":1,"1":1,"2":1,"3":1,"4":1,"5":1},"f":{},"b":{}}
,"C:\\Users\\jdani\\Documents\\Personal\\curso-crud-nodejs\\pedidos-restaurante\\src\\routes\\categories\\index.ts": {"path":"C:\\Users\\jdani\\Documents\\Personal\\curso-crud-nodejs\\pedidos-restaurante\\src\\routes\\categories\\index.ts","statementMap":{"0":{"start":{"line":1,"column":0},"end":{"line":1,"column":30}},"1":{"start":{"line":3,"column":0},"end":{"line":3,"column":113}},"2":{"start":{"line":4,"column":0},"end":{"line":4,"column":51}},"3":{"start":{"line":5,"column":15},"end":{"line":5,"column":31}},"4":{"start":{"line":8,"column":0},"end":{"line":8,"column":45}},"5":{"start":{"line":9,"column":0},"end":{"line":9,"column":52}},"6":{"start":{"line":10,"column":0},"end":{"line":10,"column":49}},"7":{"start":{"line":11,"column":0},"end":{"line":11,"column":51}},"8":{"start":{"line":12,"column":0},"end":{"line":12,"column":54}},"9":{"start":{"line":14,"column":0},"end":{"line":14,"column":22}}},"fnMap":{},"branchMap":{},"s":{"0":1,"1":1,"2":1,"3":1,"4":1,"5":1,"6":1,"7":1,"8":1,"9":1},"f":{},"b":{}}
,"C:\\Users\\jdani\\Documents\\Personal\\curso-crud-nodejs\\pedidos-restaurante\\src\\routes\\customers\\index.ts": {"path":"C:\\Users\\jdani\\Documents\\Personal\\curso-crud-nodejs\\pedidos-restaurante\\src\\routes\\customers\\index.ts","statementMap":{"0":{"start":{"line":1,"column":0},"end":{"line":1,"column":30}},"1":{"start":{"line":3,"column":0},"end":{"line":3,"column":112}},"2":{"start":{"line":4,"column":0},"end":{"line":4,"column":51}},"3":{"start":{"line":5,"column":15},"end":{"line":5,"column":31}},"4":{"start":{"line":8,"column":0},"end":{"line":8,"column":45}},"5":{"start":{"line":9,"column":0},"end":{"line":9,"column":52}},"6":{"start":{"line":10,"column":0},"end":{"line":10,"column":49}},"7":{"start":{"line":11,"column":0},"end":{"line":11,"column":51}},"8":{"start":{"line":12,"column":0},"end":{"line":12,"column":54}},"9":{"start":{"line":14,"column":0},"end":{"line":14,"column":22}}},"fnMap":{},"branchMap":{},"s":{"0":1,"1":1,"2":1,"3":1,"4":1,"5":1,"6":1,"7":1,"8":1,"9":1},"f":{},"b":{}}
,"C:\\Users\\jdani\\Documents\\Personal\\curso-crud-nodejs\\pedidos-restaurante\\src\\routes\\github\\index.ts": {"path":"C:\\Users\\jdani\\Documents\\Personal\\curso-crud-nodejs\\pedidos-restaurante\\src\\routes\\github\\index.ts","statementMap":{"0":{"start":{"line":1,"column":0},"end":{"line":1,"column":30}},"1":{"start":{"line":3,"column":0},"end":{"line":3,"column":53}},"2":{"start":{"line":4,"column":15},"end":{"line":4,"column":31}},"3":{"start":{"line":7,"column":0},"end":{"line":7,"column":28}},"4":{"start":{"line":9,"column":0},"end":{"line":9,"column":22}}},"fnMap":{},"branchMap":{},"s":{"0":1,"1":1,"2":1,"3":1,"4":1},"f":{},"b":{}}
,"C:\\Users\\jdani\\Documents\\Personal\\curso-crud-nodejs\\pedidos-restaurante\\src\\routes\\orders\\index.ts": {"path":"C:\\Users\\jdani\\Documents\\Personal\\curso-crud-nodejs\\pedidos-restaurante\\src\\routes\\orders\\index.ts","statementMap":{"0":{"start":{"line":1,"column":0},"end":{"line":1,"column":30}},"1":{"start":{"line":3,"column":0},"end":{"line":3,"column":109}},"2":{"start":{"line":4,"column":0},"end":{"line":4,"column":51}},"3":{"start":{"line":5,"column":15},"end":{"line":5,"column":31}},"4":{"start":{"line":8,"column":0},"end":{"line":8,"column":45}},"5":{"start":{"line":9,"column":0},"end":{"line":9,"column":52}},"6":{"start":{"line":10,"column":0},"end":{"line":10,"column":49}},"7":{"start":{"line":11,"column":0},"end":{"line":11,"column":51}},"8":{"start":{"line":12,"column":0},"end":{"line":12,"column":54}},"9":{"start":{"line":14,"column":0},"end":{"line":14,"column":22}}},"fnMap":{},"branchMap":{},"s":{"0":1,"1":1,"2":1,"3":1,"4":1,"5":1,"6":1,"7":1,"8":1,"9":1},"f":{},"b":{}}
,"C:\\Users\\jdani\\Documents\\Personal\\curso-crud-nodejs\\pedidos-restaurante\\src\\routes\\products\\index.ts": {"path":"C:\\Users\\jdani\\Documents\\Personal\\curso-crud-nodejs\\pedidos-restaurante\\src\\routes\\products\\index.ts","statementMap":{"0":{"start":{"line":1,"column":0},"end":{"line":1,"column":30}},"1":{"start":{"line":3,"column":0},"end":{"line":3,"column":111}},"2":{"start":{"line":4,"column":0},"end":{"line":4,"column":51}},"3":{"start":{"line":5,"column":15},"end":{"line":5,"column":31}},"4":{"start":{"line":8,"column":0},"end":{"line":8,"column":45}},"5":{"start":{"line":9,"column":0},"end":{"line":9,"column":52}},"6":{"start":{"line":10,"column":0},"end":{"line":10,"column":49}},"7":{"start":{"line":11,"column":0},"end":{"line":11,"column":51}},"8":{"start":{"line":12,"column":0},"end":{"line":12,"column":54}},"9":{"start":{"line":14,"column":0},"end":{"line":14,"column":22}}},"fnMap":{},"branchMap":{},"s":{"0":1,"1":1,"2":1,"3":1,"4":1,"5":1,"6":1,"7":1,"8":1,"9":1},"f":{},"b":{}}
,"C:\\Users\\jdani\\Documents\\Personal\\curso-crud-nodejs\\pedidos-restaurante\\src\\routes\\tables\\index.ts": {"path":"C:\\Users\\jdani\\Documents\\Personal\\curso-crud-nodejs\\pedidos-restaurante\\src\\routes\\tables\\index.ts","statementMap":{"0":{"start":{"line":1,"column":0},"end":{"line":1,"column":30}},"1":{"start":{"line":3,"column":0},"end":{"line":3,"column":109}},"2":{"start":{"line":4,"column":0},"end":{"line":4,"column":51}},"3":{"start":{"line":5,"column":15},"end":{"line":5,"column":31}},"4":{"start":{"line":8,"column":0},"end":{"line":8,"column":45}},"5":{"start":{"line":9,"column":0},"end":{"line":9,"column":52}},"6":{"start":{"line":10,"column":0},"end":{"line":10,"column":49}},"7":{"start":{"line":11,"column":0},"end":{"line":11,"column":51}},"8":{"start":{"line":12,"column":0},"end":{"line":12,"column":54}},"9":{"start":{"line":14,"column":0},"end":{"line":14,"column":22}}},"fnMap":{},"branchMap":{},"s":{"0":1,"1":1,"2":1,"3":1,"4":1,"5":1,"6":1,"7":1,"8":1,"9":1},"f":{},"b":{}}
,"C:\\Users\\jdani\\Documents\\Personal\\curso-crud-nodejs\\pedidos-restaurante\\src\\routes\\usuarios\\index.ts": {"path":"C:\\Users\\jdani\\Documents\\Personal\\curso-crud-nodejs\\pedidos-restaurante\\src\\routes\\usuarios\\index.ts","statementMap":{"0":{"start":{"line":1,"column":0},"end":{"line":1,"column":30}},"1":{"start":{"line":3,"column":0},"end":{"line":3,"column":115}},"2":{"start":{"line":4,"column":0},"end":{"line":4,"column":51}},"3":{"start":{"line":5,"column":15},"end":{"line":5,"column":31}},"4":{"start":{"line":8,"column":0},"end":{"line":8,"column":47}},"5":{"start":{"line":9,"column":0},"end":{"line":9,"column":36}},"6":{"start":{"line":10,"column":0},"end":{"line":10,"column":33}},"7":{"start":{"line":11,"column":0},"end":{"line":11,"column":32}},"8":{"start":{"line":12,"column":0},"end":{"line":12,"column":35}},"9":{"start":{"line":14,"column":0},"end":{"line":14,"column":22}}},"fnMap":{},"branchMap":{},"s":{"0":1,"1":1,"2":1,"3":1,"4":1,"5":1,"6":1,"7":1,"8":1,"9":1},"f":{},"b":{}}
}
